<?xml version="1.0" encoding="UTF-8"?>
<testng-results ignored="0" total="1" passed="1" failed="0" skipped="0">
  <reporter-output>
  </reporter-output>
  <suite started-at="2023-05-22T18:18:57 IST" name="Default suite" finished-at="2023-05-22T18:19:05 IST" duration-ms="8256">
    <groups>
    </groups>
    <test started-at="2023-05-22T18:18:57 IST" name="Default test" finished-at="2023-05-22T18:19:05 IST" duration-ms="8256">
      <class name="org.automationtesting.practice.POCXmlizerTest">
        <test-method signature="launch()[pri:0, instance:org.automationtesting.practice.POCXmlizerTest@32502377]" started-at="2023-05-22T18:18:57 IST" name="launch" finished-at="2023-05-22T18:19:05 IST" duration-ms="8159" status="PASS">
          <reporter-output>
          </reporter-output>
        </test-method> <!-- launch -->
      </class> <!-- org.automationtesting.practice.POCXmlizerTest -->
    </test> <!-- Default test -->
  </suite> <!-- Default suite -->
</testng-results>
